Traceback (most recent call last):
  File "/usr/local/lib/python3.8/site-packages/jupyter_cache/executors/utils.py", line 51, in single_nb_execution
    executenb(
  File "/usr/local/lib/python3.8/site-packages/nbclient/client.py", line 1265, in execute
    return NotebookClient(nb=nb, resources=resources, km=km, **kwargs).execute()
  File "/usr/local/lib/python3.8/site-packages/jupyter_core/utils/__init__.py", line 160, in wrapped
    return loop.run_until_complete(inner)
  File "/usr/local/Cellar/python@3.8/3.8.5/Frameworks/Python.framework/Versions/3.8/lib/python3.8/asyncio/base_events.py", line 616, in run_until_complete
    return future.result()
  File "/usr/local/lib/python3.8/site-packages/nbclient/client.py", line 703, in async_execute
    await self.async_execute_cell(
  File "/usr/local/lib/python3.8/site-packages/nbclient/client.py", line 1021, in async_execute_cell
    await self._check_raise_for_error(cell, cell_index, exec_reply)
  File "/usr/local/lib/python3.8/site-packages/nbclient/client.py", line 915, in _check_raise_for_error
    raise CellExecutionError.from_cell_and_msg(cell, exec_reply_content)
nbclient.exceptions.CellExecutionError: An error occurred while executing the following cell:
------------------
travis_scott = input("Do you like Travis Scott? (yes or no)")
------------------

[0;31m------------------------------------------------------[0m
[0;31mStdinNotImplementedError[0mTraceback (most recent call last)
Cell [0;32mIn[1], line 1[0m
[0;32m----> 1[0m travis_scott [38;5;241m=[39m [38;5;28;43minput[39;49m[43m([49m[38;5;124;43m"[39;49m[38;5;124;43mDo you like Travis Scott? (yes or no)[39;49m[38;5;124;43m"[39;49m[43m)[49m

File [0;32m/usr/local/lib/python3.8/site-packages/ipykernel/kernelbase.py:1172[0m, in [0;36mKernel.raw_input[0;34m(self, prompt)[0m
[1;32m   1165[0m [38;5;124;03m"""Forward raw_input to frontends[39;00m
[1;32m   1166[0m 
[1;32m   1167[0m [38;5;124;03mRaises[39;00m
[1;32m   1168[0m [38;5;124;03m------[39;00m
[1;32m   1169[0m [38;5;124;03mStdinNotImplementedError if active frontend doesn't support stdin.[39;00m
[1;32m   1170[0m [38;5;124;03m"""[39;00m
[1;32m   1171[0m [38;5;28;01mif[39;00m [38;5;129;01mnot[39;00m [38;5;28mself[39m[38;5;241m.[39m_allow_stdin:
[0;32m-> 1172[0m     [38;5;28;01mraise[39;00m StdinNotImplementedError(
[1;32m   1173[0m         [38;5;124m"[39m[38;5;124mraw_input was called, but this frontend does not support input requests.[39m[38;5;124m"[39m
[1;32m   1174[0m     )
[1;32m   1175[0m [38;5;28;01mreturn[39;00m [38;5;28mself[39m[38;5;241m.[39m_input_request(
[1;32m   1176[0m     [38;5;28mstr[39m(prompt),
[1;32m   1177[0m     [38;5;28mself[39m[38;5;241m.[39m_parent_ident[[38;5;124m"[39m[38;5;124mshell[39m[38;5;124m"[39m],
[1;32m   1178[0m     [38;5;28mself[39m[38;5;241m.[39mget_parent([38;5;124m"[39m[38;5;124mshell[39m[38;5;124m"[39m),
[1;32m   1179[0m     password[38;5;241m=[39m[38;5;28;01mFalse[39;00m,
[1;32m   1180[0m )

[0;31mStdinNotImplementedError[0m: raw_input was called, but this frontend does not support input requests.
StdinNotImplementedError: raw_input was called, but this frontend does not support input requests.

